<?xml version="1.0" encoding="UTF-8"?>
<!-- Generated by org.testng.reporters.JUnitReportReporter -->
<testsuite hostname="tvl-note" name="Unirest.UnirestTest.SpletterTests" tests="4" failures="0" timestamp="11 Jan 2016 13:12:59 GMT" time="7.790" errors="0">
  <testcase name="_01_Login" time="2.067" classname="Unirest.UnirestTest.SpletterTests"/>
  <testcase name="_03_suppliers" time="1.777" classname="Unirest.UnirestTest.SpletterTests"/>
  <testcase name="_04_forgotPassword" time="1.949" classname="Unirest.UnirestTest.SpletterTests"/>
  <testcase name="_02_userCurrent" time="1.997" classname="Unirest.UnirestTest.SpletterTests"/>
</testsuite> <!-- Unirest.UnirestTest.SpletterTests -->
